12:09:37.550938 POST /session [18.111833ms] OK body={"capabilities":{"platformName":"Android","deviceName":"sdk_gphone16k_arm64"}}
12:09:37.558771 POST /session/a265b91a-a055-4fe0-b724-427a7286b4c0/appium/settings [7.396375ms] OK body={"settings":{"enableMultiWindows":true,"waitForIdleTimeout":200}}
12:09:37.575498 POST /session/a265b91a-a055-4fe0-b724-427a7286b4c0/appium/settings [16.544833ms] OK body={"settings":{"implicitWait":100}}
12:09:38.894409 GET /session/a265b91a-a055-4fe0-b724-427a7286b4c0/appium/device/info [81.48525ms] OK body=
12:09:38.943866 POST /session/a265b91a-a055-4fe0-b724-427a7286b4c0/appium/settings [29.469291ms] OK body={"settings":{"waitForIdleTimeout":200}}
12:09:40.619333 POST /session/a265b91a-a055-4fe0-b724-427a7286b4c0/appium/device/launch_app [40.963917ms] OK body={"appId":"com.pumpedapp"}
12:09:45.764430 POST /session/a265b91a-a055-4fe0-b724-427a7286b4c0/element [4.139340458s] ERR:404 body={"strategy":"-android uiautomator","selector":"new UiSelector().textContains(\"RECOVERY\")"}
12:09:46.298214 POST /session/a265b91a-a055-4fe0-b724-427a7286b4c0/element [532.437083ms] ERR:404 body={"strategy":"-android uiautomator","selector":"new UiSelector().descriptionContains(\"RECOVERY\")"}
12:09:46.331281 POST /session/a265b91a-a055-4fe0-b724-427a7286b4c0/element [32.808708ms] ERR:404 body={"strategy":"-android uiautomator","selector":"new UiSelector().textMatches(\"(?is).*\\QRECOVERY\\E....
12:09:46.430984 POST /session/a265b91a-a055-4fe0-b724-427a7286b4c0/element [99.483ms] ERR:404 body={"strategy":"-android uiautomator","selector":"new UiSelector().descriptionMatches(\"(?is).*\\QRECOV...
12:09:46.728311 GET /session/a265b91a-a055-4fe0-b724-427a7286b4c0/source [296.85ms] OK body=
12:09:46.770830 POST /session/a265b91a-a055-4fe0-b724-427a7286b4c0/element [38.088791ms] ERR:404 body={"strategy":"-android uiautomator","selector":"new UiSelector().textContains(\"RECOVERY\")"}
12:09:46.802378 POST /session/a265b91a-a055-4fe0-b724-427a7286b4c0/element [31.246625ms] ERR:404 body={"strategy":"-android uiautomator","selector":"new UiSelector().descriptionContains(\"RECOVERY\")"}
12:09:46.824745 POST /session/a265b91a-a055-4fe0-b724-427a7286b4c0/element [22.109ms] ERR:404 body={"strategy":"-android uiautomator","selector":"new UiSelector().textMatches(\"(?is).*\\QRECOVERY\\E....
12:09:46.847180 POST /session/a265b91a-a055-4fe0-b724-427a7286b4c0/element [22.203417ms] ERR:404 body={"strategy":"-android uiautomator","selector":"new UiSelector().descriptionMatches(\"(?is).*\\QRECOV...
12:09:46.903087 POST /session/a265b91a-a055-4fe0-b724-427a7286b4c0/element [55.637875ms] ERR:404 body={"strategy":"-android uiautomator","selector":"new UiSelector().textContains(\"RECOVERY\")"}
12:09:46.950919 POST /session/a265b91a-a055-4fe0-b724-427a7286b4c0/element [47.508375ms] ERR:404 body={"strategy":"-android uiautomator","selector":"new UiSelector().descriptionContains(\"RECOVERY\")"}
12:09:46.975728 POST /session/a265b91a-a055-4fe0-b724-427a7286b4c0/element [24.647667ms] ERR:404 body={"strategy":"-android uiautomator","selector":"new UiSelector().textMatches(\"(?is).*\\QRECOVERY\\E....
12:09:47.025382 POST /session/a265b91a-a055-4fe0-b724-427a7286b4c0/element [49.435292ms] ERR:404 body={"strategy":"-android uiautomator","selector":"new UiSelector().descriptionMatches(\"(?is).*\\QRECOV...
12:09:47.073723 POST /session/a265b91a-a055-4fe0-b724-427a7286b4c0/element [48.171917ms] ERR:404 body={"strategy":"-android uiautomator","selector":"new UiSelector().textContains(\"RECOVERY\")"}
12:09:47.097792 POST /session/a265b91a-a055-4fe0-b724-427a7286b4c0/element [23.94325ms] ERR:404 body={"strategy":"-android uiautomator","selector":"new UiSelector().descriptionContains(\"RECOVERY\")"}
12:09:47.116564 POST /session/a265b91a-a055-4fe0-b724-427a7286b4c0/element [18.608792ms] ERR:404 body={"strategy":"-android uiautomator","selector":"new UiSelector().textMatches(\"(?is).*\\QRECOVERY\\E....
12:09:47.136473 POST /session/a265b91a-a055-4fe0-b724-427a7286b4c0/element [19.723ms] ERR:404 body={"strategy":"-android uiautomator","selector":"new UiSelector().descriptionMatches(\"(?is).*\\QRECOV...
12:09:47.156931 POST /session/a265b91a-a055-4fe0-b724-427a7286b4c0/element [20.244ms] ERR:404 body={"strategy":"-android uiautomator","selector":"new UiSelector().textContains(\"RECOVERY\")"}
12:09:47.178869 POST /session/a265b91a-a055-4fe0-b724-427a7286b4c0/element [21.776916ms] ERR:404 body={"strategy":"-android uiautomator","selector":"new UiSelector().descriptionContains(\"RECOVERY\")"}
12:09:47.198748 POST /session/a265b91a-a055-4fe0-b724-427a7286b4c0/element [19.719667ms] ERR:404 body={"strategy":"-android uiautomator","selector":"new UiSelector().textMatches(\"(?is).*\\QRECOVERY\\E....
12:09:47.235453 POST /session/a265b91a-a055-4fe0-b724-427a7286b4c0/element [36.503875ms] ERR:404 body={"strategy":"-android uiautomator","selector":"new UiSelector().descriptionMatches(\"(?is).*\\QRECOV...
12:09:47.276336 POST /session/a265b91a-a055-4fe0-b724-427a7286b4c0/element [40.645167ms] ERR:404 body={"strategy":"-android uiautomator","selector":"new UiSelector().textContains(\"RECOVERY\")"}
12:09:47.314844 POST /session/a265b91a-a055-4fe0-b724-427a7286b4c0/element [38.314ms] ERR:404 body={"strategy":"-android uiautomator","selector":"new UiSelector().descriptionContains(\"RECOVERY\")"}
12:09:47.369714 POST /session/a265b91a-a055-4fe0-b724-427a7286b4c0/element [54.5715ms] ERR:404 body={"strategy":"-android uiautomator","selector":"new UiSelector().textMatches(\"(?is).*\\QRECOVERY\\E....
12:09:47.400669 POST /session/a265b91a-a055-4fe0-b724-427a7286b4c0/element [30.775042ms] ERR:404 body={"strategy":"-android uiautomator","selector":"new UiSelector().descriptionMatches(\"(?is).*\\QRECOV...
12:09:47.440758 POST /session/a265b91a-a055-4fe0-b724-427a7286b4c0/element [39.816708ms] ERR:404 body={"strategy":"-android uiautomator","selector":"new UiSelector().textContains(\"RECOVERY\")"}
12:09:47.473353 POST /session/a265b91a-a055-4fe0-b724-427a7286b4c0/element [32.345583ms] ERR:404 body={"strategy":"-android uiautomator","selector":"new UiSelector().descriptionContains(\"RECOVERY\")"}
12:09:47.523013 POST /session/a265b91a-a055-4fe0-b724-427a7286b4c0/element [49.4035ms] ERR:404 body={"strategy":"-android uiautomator","selector":"new UiSelector().textMatches(\"(?is).*\\QRECOVERY\\E....
12:09:47.567250 POST /session/a265b91a-a055-4fe0-b724-427a7286b4c0/element [43.997333ms] ERR:404 body={"strategy":"-android uiautomator","selector":"new UiSelector().descriptionMatches(\"(?is).*\\QRECOV...
12:09:47.621661 POST /session/a265b91a-a055-4fe0-b724-427a7286b4c0/element [54.005084ms] ERR:404 body={"strategy":"-android uiautomator","selector":"new UiSelector().textContains(\"RECOVERY\")"}
12:09:47.662910 POST /session/a265b91a-a055-4fe0-b724-427a7286b4c0/element [40.879292ms] ERR:404 body={"strategy":"-android uiautomator","selector":"new UiSelector().descriptionContains(\"RECOVERY\")"}
12:09:47.722404 POST /session/a265b91a-a055-4fe0-b724-427a7286b4c0/element [59.074375ms] ERR:404 body={"strategy":"-android uiautomator","selector":"new UiSelector().textMatches(\"(?is).*\\QRECOVERY\\E....
12:09:47.780785 POST /session/a265b91a-a055-4fe0-b724-427a7286b4c0/element [58.018833ms] ERR:404 body={"strategy":"-android uiautomator","selector":"new UiSelector().descriptionMatches(\"(?is).*\\QRECOV...
12:09:48.068839 GET /session/a265b91a-a055-4fe0-b724-427a7286b4c0/source [287.078125ms] OK body=
12:09:48.117388 POST /session/a265b91a-a055-4fe0-b724-427a7286b4c0/element [46.018416ms] ERR:404 body={"strategy":"-android uiautomator","selector":"new UiSelector().textContains(\"RECOVERY\")"}
12:09:48.199614 POST /session/a265b91a-a055-4fe0-b724-427a7286b4c0/element [81.9005ms] ERR:404 body={"strategy":"-android uiautomator","selector":"new UiSelector().descriptionContains(\"RECOVERY\")"}
12:09:48.265115 POST /session/a265b91a-a055-4fe0-b724-427a7286b4c0/element [65.149917ms] ERR:404 body={"strategy":"-android uiautomator","selector":"new UiSelector().textMatches(\"(?is).*\\QRECOVERY\\E....
12:09:48.318271 POST /session/a265b91a-a055-4fe0-b724-427a7286b4c0/element [52.846459ms] ERR:404 body={"strategy":"-android uiautomator","selector":"new UiSelector().descriptionMatches(\"(?is).*\\QRECOV...
12:09:48.390204 POST /session/a265b91a-a055-4fe0-b724-427a7286b4c0/element [71.446084ms] ERR:404 body={"strategy":"-android uiautomator","selector":"new UiSelector().textContains(\"RECOVERY\")"}
12:09:48.460207 POST /session/a265b91a-a055-4fe0-b724-427a7286b4c0/element [69.657292ms] ERR:404 body={"strategy":"-android uiautomator","selector":"new UiSelector().descriptionContains(\"RECOVERY\")"}
12:09:48.520080 POST /session/a265b91a-a055-4fe0-b724-427a7286b4c0/element [59.441458ms] ERR:404 body={"strategy":"-android uiautomator","selector":"new UiSelector().textMatches(\"(?is).*\\QRECOVERY\\E....
12:09:48.575976 POST /session/a265b91a-a055-4fe0-b724-427a7286b4c0/element [55.688292ms] ERR:404 body={"strategy":"-android uiautomator","selector":"new UiSelector().descriptionMatches(\"(?is).*\\QRECOV...
12:09:48.610670 POST /session/a265b91a-a055-4fe0-b724-427a7286b4c0/element [34.459583ms] ERR:404 body={"strategy":"-android uiautomator","selector":"new UiSelector().textContains(\"RECOVERY\")"}
12:09:48.654325 POST /session/a265b91a-a055-4fe0-b724-427a7286b4c0/element [43.365542ms] ERR:404 body={"strategy":"-android uiautomator","selector":"new UiSelector().descriptionContains(\"RECOVERY\")"}
12:09:48.707255 POST /session/a265b91a-a055-4fe0-b724-427a7286b4c0/element [52.606209ms] ERR:404 body={"strategy":"-android uiautomator","selector":"new UiSelector().textMatches(\"(?is).*\\QRECOVERY\\E....
12:09:48.746418 POST /session/a265b91a-a055-4fe0-b724-427a7286b4c0/element [38.769125ms] ERR:404 body={"strategy":"-android uiautomator","selector":"new UiSelector().descriptionMatches(\"(?is).*\\QRECOV...
12:09:48.831236 POST /session/a265b91a-a055-4fe0-b724-427a7286b4c0/element [84.395333ms] ERR:404 body={"strategy":"-android uiautomator","selector":"new UiSelector().textContains(\"RECOVERY\")"}
12:09:48.879695 POST /session/a265b91a-a055-4fe0-b724-427a7286b4c0/element [48.058292ms] ERR:404 body={"strategy":"-android uiautomator","selector":"new UiSelector().descriptionContains(\"RECOVERY\")"}
12:09:48.902904 POST /session/a265b91a-a055-4fe0-b724-427a7286b4c0/element [22.757459ms] ERR:404 body={"strategy":"-android uiautomator","selector":"new UiSelector().textMatches(\"(?is).*\\QRECOVERY\\E....
12:09:48.938525 POST /session/a265b91a-a055-4fe0-b724-427a7286b4c0/element [35.360458ms] ERR:404 body={"strategy":"-android uiautomator","selector":"new UiSelector().descriptionMatches(\"(?is).*\\QRECOV...
12:09:49.004000 POST /session/a265b91a-a055-4fe0-b724-427a7286b4c0/element [65.230542ms] ERR:404 body={"strategy":"-android uiautomator","selector":"new UiSelector().textContains(\"RECOVERY\")"}
12:09:49.044173 POST /session/a265b91a-a055-4fe0-b724-427a7286b4c0/element [39.84525ms] ERR:404 body={"strategy":"-android uiautomator","selector":"new UiSelector().descriptionContains(\"RECOVERY\")"}
12:09:49.095896 POST /session/a265b91a-a055-4fe0-b724-427a7286b4c0/element [51.412625ms] ERR:404 body={"strategy":"-android uiautomator","selector":"new UiSelector().textMatches(\"(?is).*\\QRECOVERY\\E....
12:09:49.190723 POST /session/a265b91a-a055-4fe0-b724-427a7286b4c0/element [94.413292ms] ERR:404 body={"strategy":"-android uiautomator","selector":"new UiSelector().descriptionMatches(\"(?is).*\\QRECOV...
12:09:49.478010 GET /session/a265b91a-a055-4fe0-b724-427a7286b4c0/source [286.559042ms] OK body=
12:09:49.705169 POST /session/a265b91a-a055-4fe0-b724-427a7286b4c0/element [221.183417ms] ERR:404 body={"strategy":"-android uiautomator","selector":"new UiSelector().textContains(\"RECOVERY\")"}
12:09:50.129933 POST /session/a265b91a-a055-4fe0-b724-427a7286b4c0/element [424.3685ms] ERR:404 body={"strategy":"-android uiautomator","selector":"new UiSelector().descriptionContains(\"RECOVERY\")"}
12:09:50.175928 POST /session/a265b91a-a055-4fe0-b724-427a7286b4c0/element [45.544542ms] ERR:404 body={"strategy":"-android uiautomator","selector":"new UiSelector().textMatches(\"(?is).*\\QRECOVERY\\E....
12:09:50.229944 POST /session/a265b91a-a055-4fe0-b724-427a7286b4c0/element [53.761208ms] ERR:404 body={"strategy":"-android uiautomator","selector":"new UiSelector().descriptionMatches(\"(?is).*\\QRECOV...
12:09:50.264880 POST /session/a265b91a-a055-4fe0-b724-427a7286b4c0/element [34.423875ms] ERR:404 body={"strategy":"-android uiautomator","selector":"new UiSelector().textContains(\"RECOVERY\")"}
12:09:50.290663 POST /session/a265b91a-a055-4fe0-b724-427a7286b4c0/element [25.490209ms] ERR:404 body={"strategy":"-android uiautomator","selector":"new UiSelector().descriptionContains(\"RECOVERY\")"}
12:09:50.361958 POST /session/a265b91a-a055-4fe0-b724-427a7286b4c0/element [70.983959ms] ERR:404 body={"strategy":"-android uiautomator","selector":"new UiSelector().textMatches(\"(?is).*\\QRECOVERY\\E....
12:09:50.418733 POST /session/a265b91a-a055-4fe0-b724-427a7286b4c0/element [56.451084ms] ERR:404 body={"strategy":"-android uiautomator","selector":"new UiSelector().descriptionMatches(\"(?is).*\\QRECOV...
12:09:50.454157 POST /session/a265b91a-a055-4fe0-b724-427a7286b4c0/element [35.110584ms] ERR:404 body={"strategy":"-android uiautomator","selector":"new UiSelector().textContains(\"RECOVERY\")"}
12:09:50.480064 POST /session/a265b91a-a055-4fe0-b724-427a7286b4c0/element [25.760709ms] ERR:404 body={"strategy":"-android uiautomator","selector":"new UiSelector().descriptionContains(\"RECOVERY\")"}
12:09:50.498903 POST /session/a265b91a-a055-4fe0-b724-427a7286b4c0/element [18.6695ms] ERR:404 body={"strategy":"-android uiautomator","selector":"new UiSelector().textMatches(\"(?is).*\\QRECOVERY\\E....
12:09:50.517100 POST /session/a265b91a-a055-4fe0-b724-427a7286b4c0/element [17.9895ms] ERR:404 body={"strategy":"-android uiautomator","selector":"new UiSelector().descriptionMatches(\"(?is).*\\QRECOV...
12:09:50.651431 GET /session/a265b91a-a055-4fe0-b724-427a7286b4c0/source [133.787416ms] OK body=
12:09:50.737700 POST /session/a265b91a-a055-4fe0-b724-427a7286b4c0/element [83.3525ms] ERR:404 body={"strategy":"-android uiautomator","selector":"new UiSelector().textContains(\"RECOVERY\")"}
12:09:50.769212 POST /session/a265b91a-a055-4fe0-b724-427a7286b4c0/element [31.2045ms] ERR:404 body={"strategy":"-android uiautomator","selector":"new UiSelector().descriptionContains(\"RECOVERY\")"}
12:09:50.784827 POST /session/a265b91a-a055-4fe0-b724-427a7286b4c0/element [15.300583ms] ERR:404 body={"strategy":"-android uiautomator","selector":"new UiSelector().textMatches(\"(?is).*\\QRECOVERY\\E....
12:09:50.806501 POST /session/a265b91a-a055-4fe0-b724-427a7286b4c0/element [21.373ms] ERR:404 body={"strategy":"-android uiautomator","selector":"new UiSelector().descriptionMatches(\"(?is).*\\QRECOV...
12:09:50.823454 POST /session/a265b91a-a055-4fe0-b724-427a7286b4c0/element [16.635917ms] ERR:404 body={"strategy":"-android uiautomator","selector":"new UiSelector().textContains(\"RECOVERY\")"}
12:09:50.848587 POST /session/a265b91a-a055-4fe0-b724-427a7286b4c0/element [24.820583ms] ERR:404 body={"strategy":"-android uiautomator","selector":"new UiSelector().descriptionContains(\"RECOVERY\")"}
12:09:50.887573 POST /session/a265b91a-a055-4fe0-b724-427a7286b4c0/element [38.643417ms] ERR:404 body={"strategy":"-android uiautomator","selector":"new UiSelector().textMatches(\"(?is).*\\QRECOVERY\\E....
12:09:50.911486 POST /session/a265b91a-a055-4fe0-b724-427a7286b4c0/element [23.558125ms] ERR:404 body={"strategy":"-android uiautomator","selector":"new UiSelector().descriptionMatches(\"(?is).*\\QRECOV...
12:09:50.957610 POST /session/a265b91a-a055-4fe0-b724-427a7286b4c0/element [45.780083ms] ERR:404 body={"strategy":"-android uiautomator","selector":"new UiSelector().textContains(\"RECOVERY\")"}
12:09:50.994186 POST /session/a265b91a-a055-4fe0-b724-427a7286b4c0/element [36.3435ms] ERR:404 body={"strategy":"-android uiautomator","selector":"new UiSelector().descriptionContains(\"RECOVERY\")"}
12:09:51.039844 POST /session/a265b91a-a055-4fe0-b724-427a7286b4c0/element [45.376958ms] ERR:404 body={"strategy":"-android uiautomator","selector":"new UiSelector().textMatches(\"(?is).*\\QRECOVERY\\E....
12:09:51.069907 POST /session/a265b91a-a055-4fe0-b724-427a7286b4c0/element [29.727209ms] ERR:404 body={"strategy":"-android uiautomator","selector":"new UiSelector().descriptionMatches(\"(?is).*\\QRECOV...
12:09:51.094555 POST /session/a265b91a-a055-4fe0-b724-427a7286b4c0/element [24.296791ms] ERR:404 body={"strategy":"-android uiautomator","selector":"new UiSelector().textContains(\"RECOVERY\")"}
12:09:51.126509 POST /session/a265b91a-a055-4fe0-b724-427a7286b4c0/element [31.575333ms] ERR:404 body={"strategy":"-android uiautomator","selector":"new UiSelector().descriptionContains(\"RECOVERY\")"}
12:09:51.163799 POST /session/a265b91a-a055-4fe0-b724-427a7286b4c0/element [36.969375ms] ERR:404 body={"strategy":"-android uiautomator","selector":"new UiSelector().textMatches(\"(?is).*\\QRECOVERY\\E....
12:09:51.188654 POST /session/a265b91a-a055-4fe0-b724-427a7286b4c0/element [24.523917ms] ERR:404 body={"strategy":"-android uiautomator","selector":"new UiSelector().descriptionMatches(\"(?is).*\\QRECOV...
12:09:51.207844 POST /session/a265b91a-a055-4fe0-b724-427a7286b4c0/element [18.880041ms] ERR:404 body={"strategy":"-android uiautomator","selector":"new UiSelector().textContains(\"RECOVERY\")"}
12:09:51.223755 POST /session/a265b91a-a055-4fe0-b724-427a7286b4c0/element [15.667709ms] ERR:404 body={"strategy":"-android uiautomator","selector":"new UiSelector().descriptionContains(\"RECOVERY\")"}
12:09:51.275514 POST /session/a265b91a-a055-4fe0-b724-427a7286b4c0/element [51.471291ms] ERR:404 body={"strategy":"-android uiautomator","selector":"new UiSelector().textMatches(\"(?is).*\\QRECOVERY\\E....
12:09:51.295685 POST /session/a265b91a-a055-4fe0-b724-427a7286b4c0/element [19.829167ms] ERR:404 body={"strategy":"-android uiautomator","selector":"new UiSelector().descriptionMatches(\"(?is).*\\QRECOV...
12:09:51.330273 POST /session/a265b91a-a055-4fe0-b724-427a7286b4c0/element [34.150792ms] ERR:404 body={"strategy":"-android uiautomator","selector":"new UiSelector().textContains(\"RECOVERY\")"}
12:09:51.353766 POST /session/a265b91a-a055-4fe0-b724-427a7286b4c0/element [23.034084ms] ERR:404 body={"strategy":"-android uiautomator","selector":"new UiSelector().descriptionContains(\"RECOVERY\")"}
12:09:51.410823 POST /session/a265b91a-a055-4fe0-b724-427a7286b4c0/element [56.608958ms] ERR:404 body={"strategy":"-android uiautomator","selector":"new UiSelector().textMatches(\"(?is).*\\QRECOVERY\\E....
12:09:51.440836 POST /session/a265b91a-a055-4fe0-b724-427a7286b4c0/element [29.605042ms] ERR:404 body={"strategy":"-android uiautomator","selector":"new UiSelector().descriptionMatches(\"(?is).*\\QRECOV...
12:09:51.476990 POST /session/a265b91a-a055-4fe0-b724-427a7286b4c0/element [35.658125ms] ERR:404 body={"strategy":"-android uiautomator","selector":"new UiSelector().textContains(\"RECOVERY\")"}
12:09:51.528339 POST /session/a265b91a-a055-4fe0-b724-427a7286b4c0/element [51.000084ms] ERR:404 body={"strategy":"-android uiautomator","selector":"new UiSelector().descriptionContains(\"RECOVERY\")"}
12:09:51.547203 POST /session/a265b91a-a055-4fe0-b724-427a7286b4c0/element [18.569334ms] ERR:404 body={"strategy":"-android uiautomator","selector":"new UiSelector().textMatches(\"(?is).*\\QRECOVERY\\E....
12:09:51.569663 POST /session/a265b91a-a055-4fe0-b724-427a7286b4c0/element [22.189041ms] ERR:404 body={"strategy":"-android uiautomator","selector":"new UiSelector().descriptionMatches(\"(?is).*\\QRECOV...
12:09:51.588214 POST /session/a265b91a-a055-4fe0-b724-427a7286b4c0/element [18.277708ms] ERR:404 body={"strategy":"-android uiautomator","selector":"new UiSelector().textContains(\"RECOVERY\")"}
12:09:51.610254 POST /session/a265b91a-a055-4fe0-b724-427a7286b4c0/element [21.776291ms] ERR:404 body={"strategy":"-android uiautomator","selector":"new UiSelector().descriptionContains(\"RECOVERY\")"}
12:09:51.630509 POST /session/a265b91a-a055-4fe0-b724-427a7286b4c0/element [20.06025ms] ERR:404 body={"strategy":"-android uiautomator","selector":"new UiSelector().textMatches(\"(?is).*\\QRECOVERY\\E....
12:09:51.661357 POST /session/a265b91a-a055-4fe0-b724-427a7286b4c0/element [30.650291ms] ERR:404 body={"strategy":"-android uiautomator","selector":"new UiSelector().descriptionMatches(\"(?is).*\\QRECOV...
12:09:51.784473 GET /session/a265b91a-a055-4fe0-b724-427a7286b4c0/source [114.423875ms] OK body=
12:09:51.809315 POST /session/a265b91a-a055-4fe0-b724-427a7286b4c0/element [22.568917ms] ERR:404 body={"strategy":"-android uiautomator","selector":"new UiSelector().textContains(\"RECOVERY\")"}
12:09:51.837147 POST /session/a265b91a-a055-4fe0-b724-427a7286b4c0/element [27.2205ms] ERR:404 body={"strategy":"-android uiautomator","selector":"new UiSelector().descriptionContains(\"RECOVERY\")"}
12:09:51.871630 POST /session/a265b91a-a055-4fe0-b724-427a7286b4c0/element [34.284666ms] ERR:404 body={"strategy":"-android uiautomator","selector":"new UiSelector().textMatches(\"(?is).*\\QRECOVERY\\E....
12:09:51.910202 POST /session/a265b91a-a055-4fe0-b724-427a7286b4c0/element [38.212167ms] ERR:404 body={"strategy":"-android uiautomator","selector":"new UiSelector().descriptionMatches(\"(?is).*\\QRECOV...
12:09:51.979297 POST /session/a265b91a-a055-4fe0-b724-427a7286b4c0/element [68.734458ms] ERR:404 body={"strategy":"-android uiautomator","selector":"new UiSelector().textContains(\"RECOVERY\")"}
12:09:52.024253 POST /session/a265b91a-a055-4fe0-b724-427a7286b4c0/element [44.674ms] ERR:404 body={"strategy":"-android uiautomator","selector":"new UiSelector().descriptionContains(\"RECOVERY\")"}
12:09:52.049891 POST /session/a265b91a-a055-4fe0-b724-427a7286b4c0/element [25.479958ms] ERR:404 body={"strategy":"-android uiautomator","selector":"new UiSelector().textMatches(\"(?is).*\\QRECOVERY\\E....
12:09:52.098520 POST /session/a265b91a-a055-4fe0-b724-427a7286b4c0/element [48.226375ms] ERR:404 body={"strategy":"-android uiautomator","selector":"new UiSelector().descriptionMatches(\"(?is).*\\QRECOV...
12:09:52.132420 POST /session/a265b91a-a055-4fe0-b724-427a7286b4c0/element [33.581ms] ERR:404 body={"strategy":"-android uiautomator","selector":"new UiSelector().textContains(\"RECOVERY\")"}
12:09:52.200725 POST /session/a265b91a-a055-4fe0-b724-427a7286b4c0/element [68.005542ms] ERR:404 body={"strategy":"-android uiautomator","selector":"new UiSelector().descriptionContains(\"RECOVERY\")"}
12:09:52.246048 POST /session/a265b91a-a055-4fe0-b724-427a7286b4c0/element [45.063041ms] ERR:404 body={"strategy":"-android uiautomator","selector":"new UiSelector().textMatches(\"(?is).*\\QRECOVERY\\E....
12:09:52.289265 POST /session/a265b91a-a055-4fe0-b724-427a7286b4c0/element [42.889041ms] ERR:404 body={"strategy":"-android uiautomator","selector":"new UiSelector().descriptionMatches(\"(?is).*\\QRECOV...
12:09:52.319008 POST /session/a265b91a-a055-4fe0-b724-427a7286b4c0/element [29.4765ms] ERR:404 body={"strategy":"-android uiautomator","selector":"new UiSelector().textContains(\"RECOVERY\")"}
12:09:52.341891 POST /session/a265b91a-a055-4fe0-b724-427a7286b4c0/element [22.508917ms] ERR:404 body={"strategy":"-android uiautomator","selector":"new UiSelector().descriptionContains(\"RECOVERY\")"}
12:09:52.387118 POST /session/a265b91a-a055-4fe0-b724-427a7286b4c0/element [44.868042ms] ERR:404 body={"strategy":"-android uiautomator","selector":"new UiSelector().textMatches(\"(?is).*\\QRECOVERY\\E....
12:09:52.427453 POST /session/a265b91a-a055-4fe0-b724-427a7286b4c0/element [40.022625ms] ERR:404 body={"strategy":"-android uiautomator","selector":"new UiSelector().descriptionMatches(\"(?is).*\\QRECOV...
12:09:52.452986 POST /session/a265b91a-a055-4fe0-b724-427a7286b4c0/element [25.258917ms] ERR:404 body={"strategy":"-android uiautomator","selector":"new UiSelector().textContains(\"RECOVERY\")"}
12:09:52.471917 POST /session/a265b91a-a055-4fe0-b724-427a7286b4c0/element [18.676583ms] ERR:404 body={"strategy":"-android uiautomator","selector":"new UiSelector().descriptionContains(\"RECOVERY\")"}
12:09:52.501310 POST /session/a265b91a-a055-4fe0-b724-427a7286b4c0/element [29.128375ms] ERR:404 body={"strategy":"-android uiautomator","selector":"new UiSelector().textMatches(\"(?is).*\\QRECOVERY\\E....
12:09:52.528730 POST /session/a265b91a-a055-4fe0-b724-427a7286b4c0/element [27.028375ms] ERR:404 body={"strategy":"-android uiautomator","selector":"new UiSelector().descriptionMatches(\"(?is).*\\QRECOV...
12:09:52.568100 POST /session/a265b91a-a055-4fe0-b724-427a7286b4c0/element [39.072791ms] ERR:404 body={"strategy":"-android uiautomator","selector":"new UiSelector().textContains(\"RECOVERY\")"}
12:09:52.576149 POST /session/a265b91a-a055-4fe0-b724-427a7286b4c0/element [7.859583ms] ERR:404 body={"strategy":"-android uiautomator","selector":"new UiSelector().descriptionContains(\"RECOVERY\")"}
12:09:52.587377 POST /session/a265b91a-a055-4fe0-b724-427a7286b4c0/element [11.032417ms] ERR:404 body={"strategy":"-android uiautomator","selector":"new UiSelector().textMatches(\"(?is).*\\QRECOVERY\\E....
12:09:52.600125 POST /session/a265b91a-a055-4fe0-b724-427a7286b4c0/element [12.615541ms] ERR:404 body={"strategy":"-android uiautomator","selector":"new UiSelector().descriptionMatches(\"(?is).*\\QRECOV...
12:09:52.614078 POST /session/a265b91a-a055-4fe0-b724-427a7286b4c0/element [13.810583ms] ERR:404 body={"strategy":"-android uiautomator","selector":"new UiSelector().textContains(\"RECOVERY\")"}
12:09:52.628343 POST /session/a265b91a-a055-4fe0-b724-427a7286b4c0/element [14.08725ms] ERR:404 body={"strategy":"-android uiautomator","selector":"new UiSelector().descriptionContains(\"RECOVERY\")"}
12:09:52.646706 POST /session/a265b91a-a055-4fe0-b724-427a7286b4c0/element [18.175625ms] ERR:404 body={"strategy":"-android uiautomator","selector":"new UiSelector().textMatches(\"(?is).*\\QRECOVERY\\E....
12:09:52.678775 POST /session/a265b91a-a055-4fe0-b724-427a7286b4c0/element [31.855459ms] ERR:404 body={"strategy":"-android uiautomator","selector":"new UiSelector().descriptionMatches(\"(?is).*\\QRECOV...
12:09:52.710556 POST /session/a265b91a-a055-4fe0-b724-427a7286b4c0/element [31.654625ms] ERR:404 body={"strategy":"-android uiautomator","selector":"new UiSelector().textContains(\"RECOVERY\")"}
12:09:52.727226 POST /session/a265b91a-a055-4fe0-b724-427a7286b4c0/element [16.443291ms] ERR:404 body={"strategy":"-android uiautomator","selector":"new UiSelector().descriptionContains(\"RECOVERY\")"}
12:09:52.746865 POST /session/a265b91a-a055-4fe0-b724-427a7286b4c0/element [19.343375ms] ERR:404 body={"strategy":"-android uiautomator","selector":"new UiSelector().textMatches(\"(?is).*\\QRECOVERY\\E....
12:09:52.762915 POST /session/a265b91a-a055-4fe0-b724-427a7286b4c0/element [15.838208ms] ERR:404 body={"strategy":"-android uiautomator","selector":"new UiSelector().descriptionMatches(\"(?is).*\\QRECOV...
12:09:52.793296 POST /session/a265b91a-a055-4fe0-b724-427a7286b4c0/element [30.112958ms] ERR:404 body={"strategy":"-android uiautomator","selector":"new UiSelector().textContains(\"RECOVERY\")"}
12:09:52.827404 POST /session/a265b91a-a055-4fe0-b724-427a7286b4c0/element [33.770167ms] ERR:404 body={"strategy":"-android uiautomator","selector":"new UiSelector().descriptionContains(\"RECOVERY\")"}
12:09:52.857462 POST /session/a265b91a-a055-4fe0-b724-427a7286b4c0/element [29.716042ms] ERR:404 body={"strategy":"-android uiautomator","selector":"new UiSelector().textMatches(\"(?is).*\\QRECOVERY\\E....
12:09:52.897504 POST /session/a265b91a-a055-4fe0-b724-427a7286b4c0/element [39.719458ms] ERR:404 body={"strategy":"-android uiautomator","selector":"new UiSelector().descriptionMatches(\"(?is).*\\QRECOV...
12:09:53.034579 GET /session/a265b91a-a055-4fe0-b724-427a7286b4c0/source [136.551333ms] OK body=
12:09:53.080816 POST /session/a265b91a-a055-4fe0-b724-427a7286b4c0/element [43.26725ms] ERR:404 body={"strategy":"-android uiautomator","selector":"new UiSelector().textContains(\"RECOVERY\")"}
12:09:53.126239 POST /session/a265b91a-a055-4fe0-b724-427a7286b4c0/element [45.185917ms] ERR:404 body={"strategy":"-android uiautomator","selector":"new UiSelector().descriptionContains(\"RECOVERY\")"}
12:09:53.190477 POST /session/a265b91a-a055-4fe0-b724-427a7286b4c0/element [63.9205ms] ERR:404 body={"strategy":"-android uiautomator","selector":"new UiSelector().textMatches(\"(?is).*\\QRECOVERY\\E....
12:09:53.222604 POST /session/a265b91a-a055-4fe0-b724-427a7286b4c0/element [31.934125ms] ERR:404 body={"strategy":"-android uiautomator","selector":"new UiSelector().descriptionMatches(\"(?is).*\\QRECOV...
12:09:53.243864 POST /session/a265b91a-a055-4fe0-b724-427a7286b4c0/element [20.88525ms] ERR:404 body={"strategy":"-android uiautomator","selector":"new UiSelector().textContains(\"RECOVERY\")"}
12:09:53.284786 POST /session/a265b91a-a055-4fe0-b724-427a7286b4c0/element [40.66275ms] ERR:404 body={"strategy":"-android uiautomator","selector":"new UiSelector().descriptionContains(\"RECOVERY\")"}
12:09:53.342282 POST /session/a265b91a-a055-4fe0-b724-427a7286b4c0/element [57.16525ms] ERR:404 body={"strategy":"-android uiautomator","selector":"new UiSelector().textMatches(\"(?is).*\\QRECOVERY\\E....
12:09:53.393941 POST /session/a265b91a-a055-4fe0-b724-427a7286b4c0/element [51.292625ms] ERR:404 body={"strategy":"-android uiautomator","selector":"new UiSelector().descriptionMatches(\"(?is).*\\QRECOV...
12:09:53.440811 POST /session/a265b91a-a055-4fe0-b724-427a7286b4c0/element [46.463166ms] ERR:404 body={"strategy":"-android uiautomator","selector":"new UiSelector().textContains(\"RECOVERY\")"}
12:09:53.522071 POST /session/a265b91a-a055-4fe0-b724-427a7286b4c0/element [80.8875ms] ERR:404 body={"strategy":"-android uiautomator","selector":"new UiSelector().descriptionContains(\"RECOVERY\")"}
12:09:53.591551 POST /session/a265b91a-a055-4fe0-b724-427a7286b4c0/element [69.260584ms] ERR:404 body={"strategy":"-android uiautomator","selector":"new UiSelector().textMatches(\"(?is).*\\QRECOVERY\\E....
12:09:53.623381 POST /session/a265b91a-a055-4fe0-b724-427a7286b4c0/element [31.501ms] ERR:404 body={"strategy":"-android uiautomator","selector":"new UiSelector().descriptionMatches(\"(?is).*\\QRECOV...
12:09:53.648358 POST /session/a265b91a-a055-4fe0-b724-427a7286b4c0/element [23.331542ms] ERR:404 body={"strategy":"-android uiautomator","selector":"new UiSelector().textContains(\"RECOVERY\")"}
12:09:53.674678 POST /session/a265b91a-a055-4fe0-b724-427a7286b4c0/element [25.645041ms] ERR:404 body={"strategy":"-android uiautomator","selector":"new UiSelector().descriptionContains(\"RECOVERY\")"}
12:09:53.700041 POST /session/a265b91a-a055-4fe0-b724-427a7286b4c0/element [24.9785ms] ERR:404 body={"strategy":"-android uiautomator","selector":"new UiSelector().textMatches(\"(?is).*\\QRECOVERY\\E....
12:09:53.733723 POST /session/a265b91a-a055-4fe0-b724-427a7286b4c0/element [33.42875ms] ERR:404 body={"strategy":"-android uiautomator","selector":"new UiSelector().descriptionMatches(\"(?is).*\\QRECOV...
12:09:53.745798 POST /session/a265b91a-a055-4fe0-b724-427a7286b4c0/element [11.803959ms] ERR:404 body={"strategy":"-android uiautomator","selector":"new UiSelector().textContains(\"RECOVERY\")"}
12:09:53.762487 POST /session/a265b91a-a055-4fe0-b724-427a7286b4c0/element [16.297ms] ERR:404 body={"strategy":"-android uiautomator","selector":"new UiSelector().descriptionContains(\"RECOVERY\")"}
12:09:53.779968 POST /session/a265b91a-a055-4fe0-b724-427a7286b4c0/element [17.16075ms] ERR:404 body={"strategy":"-android uiautomator","selector":"new UiSelector().textMatches(\"(?is).*\\QRECOVERY\\E....
12:09:53.810759 POST /session/a265b91a-a055-4fe0-b724-427a7286b4c0/element [30.398375ms] ERR:404 body={"strategy":"-android uiautomator","selector":"new UiSelector().descriptionMatches(\"(?is).*\\QRECOV...
12:09:53.834495 POST /session/a265b91a-a055-4fe0-b724-427a7286b4c0/element [23.359083ms] ERR:404 body={"strategy":"-android uiautomator","selector":"new UiSelector().textContains(\"RECOVERY\")"}
12:09:53.858936 POST /session/a265b91a-a055-4fe0-b724-427a7286b4c0/element [24.06675ms] ERR:404 body={"strategy":"-android uiautomator","selector":"new UiSelector().descriptionContains(\"RECOVERY\")"}
12:09:53.879930 POST /session/a265b91a-a055-4fe0-b724-427a7286b4c0/element [20.691209ms] ERR:404 body={"strategy":"-android uiautomator","selector":"new UiSelector().textMatches(\"(?is).*\\QRECOVERY\\E....
12:09:53.899882 POST /session/a265b91a-a055-4fe0-b724-427a7286b4c0/element [19.600667ms] ERR:404 body={"strategy":"-android uiautomator","selector":"new UiSelector().descriptionMatches(\"(?is).*\\QRECOV...
12:09:53.939709 POST /session/a265b91a-a055-4fe0-b724-427a7286b4c0/element [39.342583ms] ERR:404 body={"strategy":"-android uiautomator","selector":"new UiSelector().textContains(\"RECOVERY\")"}
12:09:53.958246 POST /session/a265b91a-a055-4fe0-b724-427a7286b4c0/element [18.17225ms] ERR:404 body={"strategy":"-android uiautomator","selector":"new UiSelector().descriptionContains(\"RECOVERY\")"}
12:09:54.004310 POST /session/a265b91a-a055-4fe0-b724-427a7286b4c0/element [45.860458ms] ERR:404 body={"strategy":"-android uiautomator","selector":"new UiSelector().textMatches(\"(?is).*\\QRECOVERY\\E....
12:09:54.027424 POST /session/a265b91a-a055-4fe0-b724-427a7286b4c0/element [22.876792ms] ERR:404 body={"strategy":"-android uiautomator","selector":"new UiSelector().descriptionMatches(\"(?is).*\\QRECOV...
12:09:54.049954 POST /session/a265b91a-a055-4fe0-b724-427a7286b4c0/element [22.1845ms] ERR:404 body={"strategy":"-android uiautomator","selector":"new UiSelector().textContains(\"RECOVERY\")"}
12:09:54.078412 POST /session/a265b91a-a055-4fe0-b724-427a7286b4c0/element [28.139875ms] ERR:404 body={"strategy":"-android uiautomator","selector":"new UiSelector().descriptionContains(\"RECOVERY\")"}
12:09:54.100261 POST /session/a265b91a-a055-4fe0-b724-427a7286b4c0/element [21.512167ms] ERR:404 body={"strategy":"-android uiautomator","selector":"new UiSelector().textMatches(\"(?is).*\\QRECOVERY\\E....
12:09:54.125172 POST /session/a265b91a-a055-4fe0-b724-427a7286b4c0/element [24.486125ms] ERR:404 body={"strategy":"-android uiautomator","selector":"new UiSelector().descriptionMatches(\"(?is).*\\QRECOV...
12:09:54.258434 GET /session/a265b91a-a055-4fe0-b724-427a7286b4c0/source [132.653ms] OK body=
12:09:54.280061 POST /session/a265b91a-a055-4fe0-b724-427a7286b4c0/element [18.627417ms] ERR:404 body={"strategy":"-android uiautomator","selector":"new UiSelector().textContains(\"RECOVERY\")"}
12:09:54.308055 POST /session/a265b91a-a055-4fe0-b724-427a7286b4c0/element [27.439041ms] ERR:404 body={"strategy":"-android uiautomator","selector":"new UiSelector().descriptionContains(\"RECOVERY\")"}
12:09:54.353866 POST /session/a265b91a-a055-4fe0-b724-427a7286b4c0/element [45.478875ms] ERR:404 body={"strategy":"-android uiautomator","selector":"new UiSelector().textMatches(\"(?is).*\\QRECOVERY\\E....
12:09:54.392684 POST /session/a265b91a-a055-4fe0-b724-427a7286b4c0/element [38.362916ms] ERR:404 body={"strategy":"-android uiautomator","selector":"new UiSelector().descriptionMatches(\"(?is).*\\QRECOV...
12:09:54.443932 POST /session/a265b91a-a055-4fe0-b724-427a7286b4c0/element [50.89525ms] ERR:404 body={"strategy":"-android uiautomator","selector":"new UiSelector().textContains(\"RECOVERY\")"}
12:09:54.472408 POST /session/a265b91a-a055-4fe0-b724-427a7286b4c0/element [28.177375ms] ERR:404 body={"strategy":"-android uiautomator","selector":"new UiSelector().descriptionContains(\"RECOVERY\")"}
12:09:54.502124 POST /session/a265b91a-a055-4fe0-b724-427a7286b4c0/element [29.404916ms] ERR:404 body={"strategy":"-android uiautomator","selector":"new UiSelector().textMatches(\"(?is).*\\QRECOVERY\\E....
12:09:54.539001 POST /session/a265b91a-a055-4fe0-b724-427a7286b4c0/element [36.510709ms] ERR:404 body={"strategy":"-android uiautomator","selector":"new UiSelector().descriptionMatches(\"(?is).*\\QRECOV...
12:09:54.593769 POST /session/a265b91a-a055-4fe0-b724-427a7286b4c0/element [54.313292ms] ERR:404 body={"strategy":"-android uiautomator","selector":"new UiSelector().textContains(\"RECOVERY\")"}
12:09:54.642033 POST /session/a265b91a-a055-4fe0-b724-427a7286b4c0/element [47.943459ms] ERR:404 body={"strategy":"-android uiautomator","selector":"new UiSelector().descriptionContains(\"RECOVERY\")"}
12:09:54.664418 POST /session/a265b91a-a055-4fe0-b724-427a7286b4c0/element [22.095334ms] ERR:404 body={"strategy":"-android uiautomator","selector":"new UiSelector().textMatches(\"(?is).*\\QRECOVERY\\E....
12:09:54.683054 POST /session/a265b91a-a055-4fe0-b724-427a7286b4c0/element [18.300125ms] ERR:404 body={"strategy":"-android uiautomator","selector":"new UiSelector().descriptionMatches(\"(?is).*\\QRECOV...
12:09:54.700687 POST /session/a265b91a-a055-4fe0-b724-427a7286b4c0/element [17.306334ms] ERR:404 body={"strategy":"-android uiautomator","selector":"new UiSelector().textContains(\"RECOVERY\")"}
12:09:54.722743 POST /session/a265b91a-a055-4fe0-b724-427a7286b4c0/element [21.717416ms] ERR:404 body={"strategy":"-android uiautomator","selector":"new UiSelector().descriptionContains(\"RECOVERY\")"}
12:09:54.749981 POST /session/a265b91a-a055-4fe0-b724-427a7286b4c0/element [26.873417ms] ERR:404 body={"strategy":"-android uiautomator","selector":"new UiSelector().textMatches(\"(?is).*\\QRECOVERY\\E....
12:09:54.769448 POST /session/a265b91a-a055-4fe0-b724-427a7286b4c0/element [19.161125ms] ERR:404 body={"strategy":"-android uiautomator","selector":"new UiSelector().descriptionMatches(\"(?is).*\\QRECOV...
12:09:54.791184 POST /session/a265b91a-a055-4fe0-b724-427a7286b4c0/element [21.373583ms] ERR:404 body={"strategy":"-android uiautomator","selector":"new UiSelector().textContains(\"RECOVERY\")"}
12:09:54.817552 POST /session/a265b91a-a055-4fe0-b724-427a7286b4c0/element [25.998917ms] ERR:404 body={"strategy":"-android uiautomator","selector":"new UiSelector().descriptionContains(\"RECOVERY\")"}
12:09:54.852662 POST /session/a265b91a-a055-4fe0-b724-427a7286b4c0/element [34.556209ms] ERR:404 body={"strategy":"-android uiautomator","selector":"new UiSelector().textMatches(\"(?is).*\\QRECOVERY\\E....
12:09:54.884244 POST /session/a265b91a-a055-4fe0-b724-427a7286b4c0/element [31.111166ms] ERR:404 body={"strategy":"-android uiautomator","selector":"new UiSelector().descriptionMatches(\"(?is).*\\QRECOV...
12:09:54.909656 POST /session/a265b91a-a055-4fe0-b724-427a7286b4c0/element [24.975416ms] ERR:404 body={"strategy":"-android uiautomator","selector":"new UiSelector().textContains(\"RECOVERY\")"}
12:09:54.956918 POST /session/a265b91a-a055-4fe0-b724-427a7286b4c0/element [46.890417ms] ERR:404 body={"strategy":"-android uiautomator","selector":"new UiSelector().descriptionContains(\"RECOVERY\")"}
12:09:55.015146 POST /session/a265b91a-a055-4fe0-b724-427a7286b4c0/element [57.831958ms] ERR:404 body={"strategy":"-android uiautomator","selector":"new UiSelector().textMatches(\"(?is).*\\QRECOVERY\\E....
12:09:55.045699 POST /session/a265b91a-a055-4fe0-b724-427a7286b4c0/element [30.263708ms] ERR:404 body={"strategy":"-android uiautomator","selector":"new UiSelector().descriptionMatches(\"(?is).*\\QRECOV...
12:09:55.072707 POST /session/a265b91a-a055-4fe0-b724-427a7286b4c0/element [26.695917ms] ERR:404 body={"strategy":"-android uiautomator","selector":"new UiSelector().textContains(\"RECOVERY\")"}
12:09:55.091251 POST /session/a265b91a-a055-4fe0-b724-427a7286b4c0/element [18.226ms] ERR:404 body={"strategy":"-android uiautomator","selector":"new UiSelector().descriptionContains(\"RECOVERY\")"}
12:09:55.116872 POST /session/a265b91a-a055-4fe0-b724-427a7286b4c0/element [25.293167ms] ERR:404 body={"strategy":"-android uiautomator","selector":"new UiSelector().textMatches(\"(?is).*\\QRECOVERY\\E....
12:09:55.152602 POST /session/a265b91a-a055-4fe0-b724-427a7286b4c0/element [35.40825ms] ERR:404 body={"strategy":"-android uiautomator","selector":"new UiSelector().descriptionMatches(\"(?is).*\\QRECOV...
12:09:55.178982 POST /session/a265b91a-a055-4fe0-b724-427a7286b4c0/element [26.049667ms] ERR:404 body={"strategy":"-android uiautomator","selector":"new UiSelector().textContains(\"RECOVERY\")"}
12:09:55.210028 POST /session/a265b91a-a055-4fe0-b724-427a7286b4c0/element [30.665ms] ERR:404 body={"strategy":"-android uiautomator","selector":"new UiSelector().descriptionContains(\"RECOVERY\")"}
12:09:55.226963 POST /session/a265b91a-a055-4fe0-b724-427a7286b4c0/element [16.680583ms] ERR:404 body={"strategy":"-android uiautomator","selector":"new UiSelector().textMatches(\"(?is).*\\QRECOVERY\\E....
12:09:55.250072 POST /session/a265b91a-a055-4fe0-b724-427a7286b4c0/element [22.902875ms] ERR:404 body={"strategy":"-android uiautomator","selector":"new UiSelector().descriptionMatches(\"(?is).*\\QRECOV...
12:09:55.269306 POST /session/a265b91a-a055-4fe0-b724-427a7286b4c0/element [18.993709ms] ERR:404 body={"strategy":"-android uiautomator","selector":"new UiSelector().textContains(\"RECOVERY\")"}
12:09:55.329910 POST /session/a265b91a-a055-4fe0-b724-427a7286b4c0/element [60.345875ms] ERR:404 body={"strategy":"-android uiautomator","selector":"new UiSelector().descriptionContains(\"RECOVERY\")"}
12:09:55.349594 POST /session/a265b91a-a055-4fe0-b724-427a7286b4c0/element [19.454417ms] ERR:404 body={"strategy":"-android uiautomator","selector":"new UiSelector().textMatches(\"(?is).*\\QRECOVERY\\E....
12:09:55.402052 POST /session/a265b91a-a055-4fe0-b724-427a7286b4c0/element [52.198375ms] ERR:404 body={"strategy":"-android uiautomator","selector":"new UiSelector().descriptionMatches(\"(?is).*\\QRECOV...
12:09:55.625589 GET /session/a265b91a-a055-4fe0-b724-427a7286b4c0/source [221.598667ms] OK body=
12:09:55.649800 POST /session/a265b91a-a055-4fe0-b724-427a7286b4c0/element [22.267625ms] ERR:404 body={"strategy":"-android uiautomator","selector":"new UiSelector().textContains(\"RECOVERY\")"}
12:09:55.661931 POST /session/a265b91a-a055-4fe0-b724-427a7286b4c0/element [11.908792ms] ERR:404 body={"strategy":"-android uiautomator","selector":"new UiSelector().descriptionContains(\"RECOVERY\")"}
12:09:55.696172 POST /session/a265b91a-a055-4fe0-b724-427a7286b4c0/element [33.966125ms] ERR:404 body={"strategy":"-android uiautomator","selector":"new UiSelector().textMatches(\"(?is).*\\QRECOVERY\\E....
12:09:55.717936 POST /session/a265b91a-a055-4fe0-b724-427a7286b4c0/element [21.388958ms] ERR:404 body={"strategy":"-android uiautomator","selector":"new UiSelector().descriptionMatches(\"(?is).*\\QRECOV...
12:09:55.741311 POST /session/a265b91a-a055-4fe0-b724-427a7286b4c0/element [22.980958ms] ERR:404 body={"strategy":"-android uiautomator","selector":"new UiSelector().textContains(\"RECOVERY\")"}
12:09:55.760178 POST /session/a265b91a-a055-4fe0-b724-427a7286b4c0/element [18.565583ms] ERR:404 body={"strategy":"-android uiautomator","selector":"new UiSelector().descriptionContains(\"RECOVERY\")"}
12:09:55.777678 POST /session/a265b91a-a055-4fe0-b724-427a7286b4c0/element [17.210042ms] ERR:404 body={"strategy":"-android uiautomator","selector":"new UiSelector().textMatches(\"(?is).*\\QRECOVERY\\E....
12:09:55.794542 POST /session/a265b91a-a055-4fe0-b724-427a7286b4c0/element [16.554625ms] ERR:404 body={"strategy":"-android uiautomator","selector":"new UiSelector().descriptionMatches(\"(?is).*\\QRECOV...
12:09:55.813945 POST /session/a265b91a-a055-4fe0-b724-427a7286b4c0/element [19.110625ms] ERR:404 body={"strategy":"-android uiautomator","selector":"new UiSelector().textContains(\"RECOVERY\")"}
12:09:55.830470 POST /session/a265b91a-a055-4fe0-b724-427a7286b4c0/element [16.275375ms] ERR:404 body={"strategy":"-android uiautomator","selector":"new UiSelector().descriptionContains(\"RECOVERY\")"}
12:09:55.849842 POST /session/a265b91a-a055-4fe0-b724-427a7286b4c0/element [19.088875ms] ERR:404 body={"strategy":"-android uiautomator","selector":"new UiSelector().textMatches(\"(?is).*\\QRECOVERY\\E....
12:09:55.873883 POST /session/a265b91a-a055-4fe0-b724-427a7286b4c0/element [23.766333ms] ERR:404 body={"strategy":"-android uiautomator","selector":"new UiSelector().descriptionMatches(\"(?is).*\\QRECOV...
12:09:55.898531 POST /session/a265b91a-a055-4fe0-b724-427a7286b4c0/element [24.200208ms] ERR:404 body={"strategy":"-android uiautomator","selector":"new UiSelector().textContains(\"RECOVERY\")"}
12:09:55.922031 POST /session/a265b91a-a055-4fe0-b724-427a7286b4c0/element [23.109417ms] ERR:404 body={"strategy":"-android uiautomator","selector":"new UiSelector().descriptionContains(\"RECOVERY\")"}
12:09:55.966150 POST /session/a265b91a-a055-4fe0-b724-427a7286b4c0/element [43.679875ms] ERR:404 body={"strategy":"-android uiautomator","selector":"new UiSelector().textMatches(\"(?is).*\\QRECOVERY\\E....
12:09:56.001269 POST /session/a265b91a-a055-4fe0-b724-427a7286b4c0/element [34.894958ms] ERR:404 body={"strategy":"-android uiautomator","selector":"new UiSelector().descriptionMatches(\"(?is).*\\QRECOV...
12:09:56.039420 POST /session/a265b91a-a055-4fe0-b724-427a7286b4c0/element [38.017542ms] ERR:404 body={"strategy":"-android uiautomator","selector":"new UiSelector().textContains(\"RECOVERY\")"}
12:09:56.077414 POST /session/a265b91a-a055-4fe0-b724-427a7286b4c0/element [37.759125ms] ERR:404 body={"strategy":"-android uiautomator","selector":"new UiSelector().descriptionContains(\"RECOVERY\")"}
12:09:56.099551 POST /session/a265b91a-a055-4fe0-b724-427a7286b4c0/element [21.7815ms] ERR:404 body={"strategy":"-android uiautomator","selector":"new UiSelector().textMatches(\"(?is).*\\QRECOVERY\\E....
12:09:56.127450 POST /session/a265b91a-a055-4fe0-b724-427a7286b4c0/element [27.2815ms] ERR:404 body={"strategy":"-android uiautomator","selector":"new UiSelector().descriptionMatches(\"(?is).*\\QRECOV...
12:09:56.155913 POST /session/a265b91a-a055-4fe0-b724-427a7286b4c0/element [28.1885ms] ERR:404 body={"strategy":"-android uiautomator","selector":"new UiSelector().textContains(\"RECOVERY\")"}
12:09:56.173389 POST /session/a265b91a-a055-4fe0-b724-427a7286b4c0/element [17.199167ms] ERR:404 body={"strategy":"-android uiautomator","selector":"new UiSelector().descriptionContains(\"RECOVERY\")"}
12:09:56.200299 POST /session/a265b91a-a055-4fe0-b724-427a7286b4c0/element [26.582083ms] ERR:404 body={"strategy":"-android uiautomator","selector":"new UiSelector().textMatches(\"(?is).*\\QRECOVERY\\E....
12:09:56.228703 POST /session/a265b91a-a055-4fe0-b724-427a7286b4c0/element [28.0345ms] ERR:404 body={"strategy":"-android uiautomator","selector":"new UiSelector().descriptionMatches(\"(?is).*\\QRECOV...
12:09:56.254610 POST /session/a265b91a-a055-4fe0-b724-427a7286b4c0/element [25.5615ms] ERR:404 body={"strategy":"-android uiautomator","selector":"new UiSelector().textContains(\"RECOVERY\")"}
12:09:56.279097 POST /session/a265b91a-a055-4fe0-b724-427a7286b4c0/element [24.077167ms] ERR:404 body={"strategy":"-android uiautomator","selector":"new UiSelector().descriptionContains(\"RECOVERY\")"}
12:09:56.306736 POST /session/a265b91a-a055-4fe0-b724-427a7286b4c0/element [27.14125ms] ERR:404 body={"strategy":"-android uiautomator","selector":"new UiSelector().textMatches(\"(?is).*\\QRECOVERY\\E....
12:09:56.328625 POST /session/a265b91a-a055-4fe0-b724-427a7286b4c0/element [21.560875ms] ERR:404 body={"strategy":"-android uiautomator","selector":"new UiSelector().descriptionMatches(\"(?is).*\\QRECOV...
12:09:56.364678 POST /session/a265b91a-a055-4fe0-b724-427a7286b4c0/element [35.660125ms] ERR:404 body={"strategy":"-android uiautomator","selector":"new UiSelector().textContains(\"RECOVERY\")"}
12:09:56.395210 POST /session/a265b91a-a055-4fe0-b724-427a7286b4c0/element [30.123542ms] ERR:404 body={"strategy":"-android uiautomator","selector":"new UiSelector().descriptionContains(\"RECOVERY\")"}
12:09:56.423299 POST /session/a265b91a-a055-4fe0-b724-427a7286b4c0/element [27.73675ms] ERR:404 body={"strategy":"-android uiautomator","selector":"new UiSelector().textMatches(\"(?is).*\\QRECOVERY\\E....
12:09:56.442079 POST /session/a265b91a-a055-4fe0-b724-427a7286b4c0/element [18.495792ms] ERR:404 body={"strategy":"-android uiautomator","selector":"new UiSelector().descriptionMatches(\"(?is).*\\QRECOV...
12:09:56.502169 POST /session/a265b91a-a055-4fe0-b724-427a7286b4c0/element [59.748166ms] ERR:404 body={"strategy":"-android uiautomator","selector":"new UiSelector().textContains(\"RECOVERY\")"}
12:09:56.555020 POST /session/a265b91a-a055-4fe0-b724-427a7286b4c0/element [52.473292ms] ERR:404 body={"strategy":"-android uiautomator","selector":"new UiSelector().descriptionContains(\"RECOVERY\")"}
12:09:56.580238 POST /session/a265b91a-a055-4fe0-b724-427a7286b4c0/element [24.611958ms] ERR:404 body={"strategy":"-android uiautomator","selector":"new UiSelector().textMatches(\"(?is).*\\QRECOVERY\\E....
12:09:56.604861 POST /session/a265b91a-a055-4fe0-b724-427a7286b4c0/element [24.283416ms] ERR:404 body={"strategy":"-android uiautomator","selector":"new UiSelector().descriptionMatches(\"(?is).*\\QRECOV...
12:09:56.625558 POST /session/a265b91a-a055-4fe0-b724-427a7286b4c0/element [20.36ms] ERR:404 body={"strategy":"-android uiautomator","selector":"new UiSelector().textContains(\"RECOVERY\")"}
12:09:56.663561 POST /session/a265b91a-a055-4fe0-b724-427a7286b4c0/element [37.520917ms] ERR:404 body={"strategy":"-android uiautomator","selector":"new UiSelector().descriptionContains(\"RECOVERY\")"}
12:09:56.697833 POST /session/a265b91a-a055-4fe0-b724-427a7286b4c0/element [33.916667ms] ERR:404 body={"strategy":"-android uiautomator","selector":"new UiSelector().textMatches(\"(?is).*\\QRECOVERY\\E....
12:09:56.718670 POST /session/a265b91a-a055-4fe0-b724-427a7286b4c0/element [20.580792ms] ERR:404 body={"strategy":"-android uiautomator","selector":"new UiSelector().descriptionMatches(\"(?is).*\\QRECOV...
12:09:56.815881 GET /session/a265b91a-a055-4fe0-b724-427a7286b4c0/source [96.813542ms] OK body=
12:09:56.855840 POST /session/a265b91a-a055-4fe0-b724-427a7286b4c0/element [37.399584ms] ERR:404 body={"strategy":"-android uiautomator","selector":"new UiSelector().textContains(\"RECOVERY\")"}
12:09:56.880347 POST /session/a265b91a-a055-4fe0-b724-427a7286b4c0/element [22.921833ms] ERR:404 body={"strategy":"-android uiautomator","selector":"new UiSelector().descriptionContains(\"RECOVERY\")"}
12:09:56.896091 POST /session/a265b91a-a055-4fe0-b724-427a7286b4c0/element [15.385042ms] ERR:404 body={"strategy":"-android uiautomator","selector":"new UiSelector().textMatches(\"(?is).*\\QRECOVERY\\E....
12:09:57.013582 POST /session/a265b91a-a055-4fe0-b724-427a7286b4c0/element [117.142792ms] ERR:404 body={"strategy":"-android uiautomator","selector":"new UiSelector().descriptionMatches(\"(?is).*\\QRECOV...
12:09:57.046069 POST /session/a265b91a-a055-4fe0-b724-427a7286b4c0/element [32.236583ms] ERR:404 body={"strategy":"-android uiautomator","selector":"new UiSelector().textContains(\"RECOVERY\")"}
12:09:57.070689 POST /session/a265b91a-a055-4fe0-b724-427a7286b4c0/element [24.345042ms] ERR:404 body={"strategy":"-android uiautomator","selector":"new UiSelector().descriptionContains(\"RECOVERY\")"}
12:09:57.123496 POST /session/a265b91a-a055-4fe0-b724-427a7286b4c0/element [52.423625ms] ERR:404 body={"strategy":"-android uiautomator","selector":"new UiSelector().textMatches(\"(?is).*\\QRECOVERY\\E....
12:09:57.150421 POST /session/a265b91a-a055-4fe0-b724-427a7286b4c0/element [26.612833ms] ERR:404 body={"strategy":"-android uiautomator","selector":"new UiSelector().descriptionMatches(\"(?is).*\\QRECOV...
12:09:57.189643 POST /session/a265b91a-a055-4fe0-b724-427a7286b4c0/element [38.826542ms] ERR:404 body={"strategy":"-android uiautomator","selector":"new UiSelector().textContains(\"RECOVERY\")"}
12:09:57.218673 POST /session/a265b91a-a055-4fe0-b724-427a7286b4c0/element [28.526416ms] ERR:404 body={"strategy":"-android uiautomator","selector":"new UiSelector().descriptionContains(\"RECOVERY\")"}
12:09:57.259516 POST /session/a265b91a-a055-4fe0-b724-427a7286b4c0/element [40.468042ms] ERR:404 body={"strategy":"-android uiautomator","selector":"new UiSelector().textMatches(\"(?is).*\\QRECOVERY\\E....
12:09:57.279917 POST /session/a265b91a-a055-4fe0-b724-427a7286b4c0/element [20.2325ms] ERR:404 body={"strategy":"-android uiautomator","selector":"new UiSelector().descriptionMatches(\"(?is).*\\QRECOV...
12:09:57.298030 POST /session/a265b91a-a055-4fe0-b724-427a7286b4c0/element [17.677167ms] ERR:404 body={"strategy":"-android uiautomator","selector":"new UiSelector().textContains(\"RECOVERY\")"}
12:09:57.313135 POST /session/a265b91a-a055-4fe0-b724-427a7286b4c0/element [14.845833ms] ERR:404 body={"strategy":"-android uiautomator","selector":"new UiSelector().descriptionContains(\"RECOVERY\")"}
12:09:57.345410 POST /session/a265b91a-a055-4fe0-b724-427a7286b4c0/element [31.861208ms] ERR:404 body={"strategy":"-android uiautomator","selector":"new UiSelector().textMatches(\"(?is).*\\QRECOVERY\\E....
12:09:57.366497 POST /session/a265b91a-a055-4fe0-b724-427a7286b4c0/element [20.651583ms] ERR:404 body={"strategy":"-android uiautomator","selector":"new UiSelector().descriptionMatches(\"(?is).*\\QRECOV...
12:09:57.401125 POST /session/a265b91a-a055-4fe0-b724-427a7286b4c0/element [34.30975ms] ERR:404 body={"strategy":"-android uiautomator","selector":"new UiSelector().textContains(\"RECOVERY\")"}
12:09:57.457463 POST /session/a265b91a-a055-4fe0-b724-427a7286b4c0/element [56.023708ms] ERR:404 body={"strategy":"-android uiautomator","selector":"new UiSelector().descriptionContains(\"RECOVERY\")"}
12:09:57.481069 POST /session/a265b91a-a055-4fe0-b724-427a7286b4c0/element [23.228666ms] ERR:404 body={"strategy":"-android uiautomator","selector":"new UiSelector().textMatches(\"(?is).*\\QRECOVERY\\E....
12:09:57.552720 POST /session/a265b91a-a055-4fe0-b724-427a7286b4c0/element [71.302375ms] ERR:404 body={"strategy":"-android uiautomator","selector":"new UiSelector().descriptionMatches(\"(?is).*\\QRECOV...
12:09:57.590316 POST /session/a265b91a-a055-4fe0-b724-427a7286b4c0/element [37.236667ms] ERR:404 body={"strategy":"-android uiautomator","selector":"new UiSelector().textContains(\"RECOVERY\")"}
12:09:57.613258 POST /session/a265b91a-a055-4fe0-b724-427a7286b4c0/element [22.618166ms] ERR:404 body={"strategy":"-android uiautomator","selector":"new UiSelector().descriptionContains(\"RECOVERY\")"}
12:09:57.637823 POST /session/a265b91a-a055-4fe0-b724-427a7286b4c0/element [24.197375ms] ERR:404 body={"strategy":"-android uiautomator","selector":"new UiSelector().textMatches(\"(?is).*\\QRECOVERY\\E....
12:09:57.669919 POST /session/a265b91a-a055-4fe0-b724-427a7286b4c0/element [31.732708ms] ERR:404 body={"strategy":"-android uiautomator","selector":"new UiSelector().descriptionMatches(\"(?is).*\\QRECOV...
12:09:57.689410 POST /session/a265b91a-a055-4fe0-b724-427a7286b4c0/element [19.042125ms] ERR:404 body={"strategy":"-android uiautomator","selector":"new UiSelector().textContains(\"RECOVERY\")"}
12:09:57.714022 POST /session/a265b91a-a055-4fe0-b724-427a7286b4c0/element [24.17475ms] ERR:404 body={"strategy":"-android uiautomator","selector":"new UiSelector().descriptionContains(\"RECOVERY\")"}
12:09:57.738870 POST /session/a265b91a-a055-4fe0-b724-427a7286b4c0/element [24.543334ms] ERR:404 body={"strategy":"-android uiautomator","selector":"new UiSelector().textMatches(\"(?is).*\\QRECOVERY\\E....
12:09:57.783039 POST /session/a265b91a-a055-4fe0-b724-427a7286b4c0/element [43.821583ms] ERR:404 body={"strategy":"-android uiautomator","selector":"new UiSelector().descriptionMatches(\"(?is).*\\QRECOV...
12:09:57.810008 POST /session/a265b91a-a055-4fe0-b724-427a7286b4c0/element [26.684833ms] ERR:404 body={"strategy":"-android uiautomator","selector":"new UiSelector().textContains(\"RECOVERY\")"}
12:09:57.822806 POST /session/a265b91a-a055-4fe0-b724-427a7286b4c0/element [12.592875ms] ERR:404 body={"strategy":"-android uiautomator","selector":"new UiSelector().descriptionContains(\"RECOVERY\")"}
12:09:57.840353 POST /session/a265b91a-a055-4fe0-b724-427a7286b4c0/element [17.436459ms] ERR:404 body={"strategy":"-android uiautomator","selector":"new UiSelector().textMatches(\"(?is).*\\QRECOVERY\\E....
12:09:57.855196 POST /session/a265b91a-a055-4fe0-b724-427a7286b4c0/element [14.716958ms] ERR:404 body={"strategy":"-android uiautomator","selector":"new UiSelector().descriptionMatches(\"(?is).*\\QRECOV...
12:09:57.946666 GET /session/a265b91a-a055-4fe0-b724-427a7286b4c0/source [91.176375ms] OK body=
12:09:57.966123 POST /session/a265b91a-a055-4fe0-b724-427a7286b4c0/element [17.693709ms] ERR:404 body={"strategy":"-android uiautomator","selector":"new UiSelector().textContains(\"RECOVERY\")"}
12:09:57.984657 POST /session/a265b91a-a055-4fe0-b724-427a7286b4c0/element [18.396875ms] ERR:404 body={"strategy":"-android uiautomator","selector":"new UiSelector().descriptionContains(\"RECOVERY\")"}
12:09:58.003239 POST /session/a265b91a-a055-4fe0-b724-427a7286b4c0/element [18.321083ms] ERR:404 body={"strategy":"-android uiautomator","selector":"new UiSelector().textMatches(\"(?is).*\\QRECOVERY\\E....
12:09:58.027312 POST /session/a265b91a-a055-4fe0-b724-427a7286b4c0/element [23.918333ms] ERR:404 body={"strategy":"-android uiautomator","selector":"new UiSelector().descriptionMatches(\"(?is).*\\QRECOV...
12:09:58.041981 POST /session/a265b91a-a055-4fe0-b724-427a7286b4c0/element [14.453208ms] ERR:404 body={"strategy":"-android uiautomator","selector":"new UiSelector().textContains(\"RECOVERY\")"}
12:09:58.063460 POST /session/a265b91a-a055-4fe0-b724-427a7286b4c0/element [21.203041ms] ERR:404 body={"strategy":"-android uiautomator","selector":"new UiSelector().descriptionContains(\"RECOVERY\")"}
12:09:58.091191 POST /session/a265b91a-a055-4fe0-b724-427a7286b4c0/element [27.435708ms] ERR:404 body={"strategy":"-android uiautomator","selector":"new UiSelector().textMatches(\"(?is).*\\QRECOVERY\\E....
12:09:58.118941 POST /session/a265b91a-a055-4fe0-b724-427a7286b4c0/element [27.517959ms] ERR:404 body={"strategy":"-android uiautomator","selector":"new UiSelector().descriptionMatches(\"(?is).*\\QRECOV...
12:09:58.149368 POST /session/a265b91a-a055-4fe0-b724-427a7286b4c0/element [30.218041ms] ERR:404 body={"strategy":"-android uiautomator","selector":"new UiSelector().textContains(\"RECOVERY\")"}
12:09:58.182703 POST /session/a265b91a-a055-4fe0-b724-427a7286b4c0/element [33.014333ms] ERR:404 body={"strategy":"-android uiautomator","selector":"new UiSelector().descriptionContains(\"RECOVERY\")"}
12:09:58.211848 POST /session/a265b91a-a055-4fe0-b724-427a7286b4c0/element [28.672167ms] ERR:404 body={"strategy":"-android uiautomator","selector":"new UiSelector().textMatches(\"(?is).*\\QRECOVERY\\E....
12:09:58.236699 POST /session/a265b91a-a055-4fe0-b724-427a7286b4c0/element [24.542792ms] ERR:404 body={"strategy":"-android uiautomator","selector":"new UiSelector().descriptionMatches(\"(?is).*\\QRECOV...
12:09:58.261760 POST /session/a265b91a-a055-4fe0-b724-427a7286b4c0/element [24.790834ms] ERR:404 body={"strategy":"-android uiautomator","selector":"new UiSelector().textContains(\"RECOVERY\")"}
12:09:58.289932 POST /session/a265b91a-a055-4fe0-b724-427a7286b4c0/element [27.765375ms] ERR:404 body={"strategy":"-android uiautomator","selector":"new UiSelector().descriptionContains(\"RECOVERY\")"}
12:09:58.328347 POST /session/a265b91a-a055-4fe0-b724-427a7286b4c0/element [38.0445ms] ERR:404 body={"strategy":"-android uiautomator","selector":"new UiSelector().textMatches(\"(?is).*\\QRECOVERY\\E....
12:09:58.351686 POST /session/a265b91a-a055-4fe0-b724-427a7286b4c0/element [23.04275ms] ERR:404 body={"strategy":"-android uiautomator","selector":"new UiSelector().descriptionMatches(\"(?is).*\\QRECOV...
12:09:58.377538 POST /session/a265b91a-a055-4fe0-b724-427a7286b4c0/element [25.477167ms] ERR:404 body={"strategy":"-android uiautomator","selector":"new UiSelector().textContains(\"RECOVERY\")"}
12:09:58.396094 POST /session/a265b91a-a055-4fe0-b724-427a7286b4c0/element [18.302417ms] ERR:404 body={"strategy":"-android uiautomator","selector":"new UiSelector().descriptionContains(\"RECOVERY\")"}
12:09:58.422178 POST /session/a265b91a-a055-4fe0-b724-427a7286b4c0/element [25.765ms] ERR:404 body={"strategy":"-android uiautomator","selector":"new UiSelector().textMatches(\"(?is).*\\QRECOVERY\\E....
12:09:58.476110 POST /session/a265b91a-a055-4fe0-b724-427a7286b4c0/element [53.577875ms] ERR:404 body={"strategy":"-android uiautomator","selector":"new UiSelector().descriptionMatches(\"(?is).*\\QRECOV...
12:09:58.504021 POST /session/a265b91a-a055-4fe0-b724-427a7286b4c0/element [27.5225ms] ERR:404 body={"strategy":"-android uiautomator","selector":"new UiSelector().textContains(\"RECOVERY\")"}
12:09:58.527302 POST /session/a265b91a-a055-4fe0-b724-427a7286b4c0/element [22.923583ms] ERR:404 body={"strategy":"-android uiautomator","selector":"new UiSelector().descriptionContains(\"RECOVERY\")"}
12:09:58.552810 POST /session/a265b91a-a055-4fe0-b724-427a7286b4c0/element [25.13075ms] ERR:404 body={"strategy":"-android uiautomator","selector":"new UiSelector().textMatches(\"(?is).*\\QRECOVERY\\E....
12:09:58.583226 POST /session/a265b91a-a055-4fe0-b724-427a7286b4c0/element [30.0715ms] ERR:404 body={"strategy":"-android uiautomator","selector":"new UiSelector().descriptionMatches(\"(?is).*\\QRECOV...
12:09:58.603791 POST /session/a265b91a-a055-4fe0-b724-427a7286b4c0/element [20.222541ms] ERR:404 body={"strategy":"-android uiautomator","selector":"new UiSelector().textContains(\"RECOVERY\")"}
12:09:58.627071 POST /session/a265b91a-a055-4fe0-b724-427a7286b4c0/element [22.709625ms] ERR:404 body={"strategy":"-android uiautomator","selector":"new UiSelector().descriptionContains(\"RECOVERY\")"}
12:09:58.647407 POST /session/a265b91a-a055-4fe0-b724-427a7286b4c0/element [19.99925ms] ERR:404 body={"strategy":"-android uiautomator","selector":"new UiSelector().textMatches(\"(?is).*\\QRECOVERY\\E....
12:09:58.665162 POST /session/a265b91a-a055-4fe0-b724-427a7286b4c0/element [17.545958ms] ERR:404 body={"strategy":"-android uiautomator","selector":"new UiSelector().descriptionMatches(\"(?is).*\\QRECOV...
12:09:58.686238 POST /session/a265b91a-a055-4fe0-b724-427a7286b4c0/element [20.777792ms] ERR:404 body={"strategy":"-android uiautomator","selector":"new UiSelector().textContains(\"RECOVERY\")"}
12:09:58.705939 POST /session/a265b91a-a055-4fe0-b724-427a7286b4c0/element [19.394334ms] ERR:404 body={"strategy":"-android uiautomator","selector":"new UiSelector().descriptionContains(\"RECOVERY\")"}
12:09:58.734971 POST /session/a265b91a-a055-4fe0-b724-427a7286b4c0/element [28.787875ms] ERR:404 body={"strategy":"-android uiautomator","selector":"new UiSelector().textMatches(\"(?is).*\\QRECOVERY\\E....
12:09:58.761236 POST /session/a265b91a-a055-4fe0-b724-427a7286b4c0/element [25.935917ms] ERR:404 body={"strategy":"-android uiautomator","selector":"new UiSelector().descriptionMatches(\"(?is).*\\QRECOV...
12:09:58.797314 POST /session/a265b91a-a055-4fe0-b724-427a7286b4c0/element [35.732791ms] ERR:404 body={"strategy":"-android uiautomator","selector":"new UiSelector().textContains(\"RECOVERY\")"}
12:09:58.819488 POST /session/a265b91a-a055-4fe0-b724-427a7286b4c0/element [21.815791ms] ERR:404 body={"strategy":"-android uiautomator","selector":"new UiSelector().descriptionContains(\"RECOVERY\")"}
12:09:58.847118 POST /session/a265b91a-a055-4fe0-b724-427a7286b4c0/element [27.240792ms] ERR:404 body={"strategy":"-android uiautomator","selector":"new UiSelector().textMatches(\"(?is).*\\QRECOVERY\\E....
12:09:58.867514 POST /session/a265b91a-a055-4fe0-b724-427a7286b4c0/element [20.053875ms] ERR:404 body={"strategy":"-android uiautomator","selector":"new UiSelector().descriptionMatches(\"(?is).*\\QRECOV...
12:09:58.889006 POST /session/a265b91a-a055-4fe0-b724-427a7286b4c0/element [21.193042ms] ERR:404 body={"strategy":"-android uiautomator","selector":"new UiSelector().textContains(\"RECOVERY\")"}
12:09:58.912609 POST /session/a265b91a-a055-4fe0-b724-427a7286b4c0/element [23.169ms] ERR:404 body={"strategy":"-android uiautomator","selector":"new UiSelector().descriptionContains(\"RECOVERY\")"}
12:09:58.934621 POST /session/a265b91a-a055-4fe0-b724-427a7286b4c0/element [21.702708ms] ERR:404 body={"strategy":"-android uiautomator","selector":"new UiSelector().textMatches(\"(?is).*\\QRECOVERY\\E....
12:09:58.954767 POST /session/a265b91a-a055-4fe0-b724-427a7286b4c0/element [19.839458ms] ERR:404 body={"strategy":"-android uiautomator","selector":"new UiSelector().descriptionMatches(\"(?is).*\\QRECOV...
12:09:59.063252 GET /session/a265b91a-a055-4fe0-b724-427a7286b4c0/source [108.0095ms] OK body=
12:10:00.052053 GET /session/a265b91a-a055-4fe0-b724-427a7286b4c0/screenshot [986.75475ms] OK body=
12:10:00.119251 GET /session/a265b91a-a055-4fe0-b724-427a7286b4c0/source [66.425958ms] OK body=
12:10:00.151963 DELETE /session/a265b91a-a055-4fe0-b724-427a7286b4c0 [9.299083ms] OK body=
